[2022-03-04 01:15:33] live.ERROR: SQLSTATE[42S22]: Column not found: 1054 Unknown column 'p.product_custom_field1' in 'field list' (SQL: select `products`.`id` as `product_id`, `products`.`name` as `product_name`, `p`.`product_custom_field1` as `product_custom_field1`, `v`.`id` as `variation_id`, `v`.`name` as `variation_name` from `products` left join `variations` as `v` on `products`.`id` = `v`.`product_id` where `v`.`deleted_at` is null and `products`.`business_id` = 1 and `products`.`id` = 28) {"userId":1,"exception":"[object] (Illuminate\\Database\\QueryException(code: 42S22): SQLSTATE[42S22]: Column not found: 1054 Unknown column 'p.product_custom_field1' in 'field list' (SQL: select `products`.`id` as `product_id`, `products`.`name` as `product_name`, `p`.`product_custom_field1` as `product_custom_field1`, `v`.`id` as `variation_id`, `v`.`name` as `variation_name` from `products` left join `variations` as `v` on `products`.`id` = `v`.`product_id` where `v`.`deleted_at` is null and `products`.`business_id` = 1 and `products`.`id` = 28) at F:\\development\\htdocs\\Personal\\mobile-pos-updated\\vendor\\laravel\\framework\\src\\Illuminate\\Database\\Connection.php:664, PDOException(code: 42S22): SQLSTATE[42S22]: Column not found: 1054 Unknown column 'p.product_custom_field1' in 'field list' at F:\\development\\htdocs\\Personal\\mobile-pos-updated\\vendor\\laravel\\framework\\src\\Illuminate\\Database\\Connection.php:326)
[stacktrace]
#0 F:\\development\\htdocs\\Personal\\mobile-pos-updated\\vendor\\laravel\\framework\\src\\Illuminate\\Database\\Connection.php(624): Illuminate\\Database\\Connection->runQueryCallback('select `product...', Array, Object(Closure))
#1 F:\\development\\htdocs\\Personal\\mobile-pos-updated\\vendor\\laravel\\framework\\src\\Illuminate\\Database\\Connection.php(333): Illuminate\\Database\\Connection->run('select `product...', Array, Object(Closure))
#2 F:\\development\\htdocs\\Personal\\mobile-pos-updated\\vendor\\laravel\\framework\\src\\Illuminate\\Database\\Query\\Builder.php(2130): Illuminate\\Database\\Connection->select('select `product...', Array, true)
#3 F:\\development\\htdocs\\Personal\\mobile-pos-updated\\vendor\\laravel\\framework\\src\\Illuminate\\Database\\Query\\Builder.php(2118): Illuminate\\Database\\Query\\Builder->runSelect()
#4 F:\\development\\htdocs\\Personal\\mobile-pos-updated\\vendor\\laravel\\framework\\src\\Illuminate\\Database\\Query\\Builder.php(2604): Illuminate\\Database\\Query\\Builder->Illuminate\\Database\\Query\\{closure}()
#5 F:\\development\\htdocs\\Personal\\mobile-pos-updated\\vendor\\laravel\\framework\\src\\Illuminate\\Database\\Query\\Builder.php(2119): Illuminate\\Database\\Query\\Builder->onceWithColumns(Array, Object(Closure))
#6 F:\\development\\htdocs\\Personal\\mobile-pos-updated\\vendor\\laravel\\framework\\src\\Illuminate\\Database\\Eloquent\\Builder.php(521): Illuminate\\Database\\Query\\Builder->get(Array)
#7 F:\\development\\htdocs\\Personal\\mobile-pos-updated\\vendor\\laravel\\framework\\src\\Illuminate\\Database\\Eloquent\\Builder.php(505): Illuminate\\Database\\Eloquent\\Builder->getModels(Array)
#8 F:\\development\\htdocs\\Personal\\mobile-pos-updated\\app\\Utils\\ProductUtil.php(808): Illuminate\\Database\\Eloquent\\Builder->get()
#9 F:\\development\\htdocs\\Personal\\mobile-pos-updated\\app\\Http\\Controllers\\LabelsController.php(49): App\\Utils\\ProductUtil->getDetailsFromProduct(1, '28')
#10 [internal function]: App\\Http\\Controllers\\LabelsController->show(Object(Illuminate\\Http\\Request))
#11 F:\\development\\htdocs\\Personal\\mobile-pos-updated\\vendor\\laravel\\framework\\src\\Illuminate\\Routing\\Controller.php(54): call_user_func_array(Array, Array)
#12 F:\\development\\htdocs\\Personal\\mobile-pos-updated\\vendor\\laravel\\framework\\src\\Illuminate\\Routing\\ControllerDispatcher.php(45): Illuminate\\Routing\\Controller->callAction('show', Array)
#13 F:\\development\\htdocs\\Personal\\mobile-pos-updated\\vendor\\laravel\\framework\\src\\Illuminate\\Routing\\Route.php(219): Illuminate\\Routing\\ControllerDispatcher->dispatch(Object(Illuminate\\Routing\\Route), Object(App\\Http\\Controllers\\LabelsController), 'show')
#14 F:\\development\\htdocs\\Personal\\mobile-pos-updated\\vendor\\laravel\\framework\\src\\Illuminate\\Routing\\Route.php(176): Illuminate\\Routing\\Route->runController()
#15 F:\\development\\htdocs\\Personal\\mobile-pos-updated\\vendor\\laravel\\framework\\src\\Illuminate\\Routing\\Router.php(680): Illuminate\\Routing\\Route->run()
#16 F:\\development\\htdocs\\Personal\\mobile-pos-updated\\vendor\\laravel\\framework\\src\\Illuminate\\Routing\\Pipeline.php(30): Illuminate\\Routing\\Router->Illuminate\\Routing\\{closure}(Object(Illuminate\\Http\\Request))
#17 F:\\development\\htdocs\\Personal\\mobile-pos-updated\\app\\Http\\Middleware\\CheckUserLogin.php(22): Illuminate\\Routing\\Pipeline->Illuminate\\Routing\\{closure}(Object(Illuminate\\Http\\Request))
#18 F:\\development\\htdocs\\Personal\\mobile-pos-updated\\vendor\\laravel\\framework\\src\\Illuminate\\Pipeline\\Pipeline.php(163): App\\Http\\Middleware\\CheckUserLogin->handle(Object(Illuminate\\Http\\Request), Object(Closure))
#19 F:\\development\\htdocs\\Personal\\mobile-pos-updated\\vendor\\laravel\\framework\\src\\Illuminate\\Routing\\Pipeline.php(53): Illuminate\\Pipeline\\Pipeline->Illuminate\\Pipeline\\{closure}(Object(Illuminate\\Http\\Request))
#20 F:\\development\\htdocs\\Personal\\mobile-pos-updated\\app\\Http\\Middleware\\AdminSidebarMenu.php(752): Illuminate\\Routing\\Pipeline->Illuminate\\Routing\\{closure}(Object(Illuminate\\Http\\Request))
#21 F:\\development\\htdocs\\Personal\\mobile-pos-updated\\vendor\\laravel\\framework\\src\\Illuminate\\Pipeline\\Pipeline.php(163): App\\Http\\Middleware\\AdminSidebarMenu->handle(Object(Illuminate\\Http\\Request), Object(Closure))
#22 F:\\development\\htdocs\\Personal\\mobile-pos-updated\\vendor\\laravel\\framework\\src\\Illuminate\\Routing\\Pipeline.php(53): Illuminate\\Pipeline\\Pipeline->Illuminate\\Pipeline\\{closure}(Object(Illuminate\\Http\\Request))
#23 F:\\development\\htdocs\\Personal\\mobile-pos-updated\\app\\Http\\Middleware\\Timezone.php(30): Illuminate\\Routing\\Pipeline->Illuminate\\Routing\\{closure}(Object(Illuminate\\Http\\Request))
#24 F:\\development\\htdocs\\Personal\\mobile-pos-updated\\vendor\\laravel\\framework\\src\\Illuminate\\Pipeline\\Pipeline.php(163): App\\Http\\Middleware\\Timezone->handle(Object(Illuminate\\Http\\Request), Object(Closure))
#25 F:\\development\\htdocs\\Personal\\mobile-pos-updated\\vendor\\laravel\\framework\\src\\Illuminate\\Routing\\Pipeline.php(53): Illuminate\\Pipeline\\Pipeline->Illuminate\\Pipeline\\{closure}(Object(Illuminate\\Http\\Request))
#26 F:\\development\\htdocs\\Personal\\mobile-pos-updated\\app\\Http\\Middleware\\Language.php(27): Illuminate\\Routing\\Pipeline->Illuminate\\Routing\\{closure}(Object(Illuminate\\Http\\Request))
#27 F:\\development\\htdocs\\Personal\\mobile-pos-updated\\vendor\\laravel\\framework\\src\\Illuminate\\Pipeline\\Pipeline.php(163): App\\Http\\Middleware\\Language->handle(Object(Illuminate\\Http\\Request), Object(Closure))
#28 F:\\development\\htdocs\\Personal\\mobile-pos-updated\\vendor\\laravel\\framework\\src\\Illuminate\\Routing\\Pipeline.php(53): Illuminate\\Pipeline\\Pipeline->Illuminate\\Pipeline\\{closure}(Object(Illuminate\\Http\\Request))
#29 F:\\development\\htdocs\\Personal\\mobile-pos-updated\\app\\Http\\Middleware\\SetSessionData.php(53): Illuminate\\Routing\\Pipeline->Illuminate\\Routing\\{closure}(Object(Illuminate\\Http\\Request))
#30 F:\\development\\htdocs\\Personal\\mobile-pos-updated\\vendor\\laravel\\framework\\src\\Illuminate\\Pipeline\\Pipeline.php(163): App\\Http\\Middleware\\SetSessionData->handle(Object(Illuminate\\Http\\Request), Object(Closure))
#31 F:\\development\\htdocs\\Personal\\mobile-pos-updated\\vendor\\laravel\\framework\\src\\Illuminate\\Routing\\Pipeline.php(53): Illuminate\\Pipeline\\Pipeline->Illuminate\\Pipeline\\{closure}(Object(Illuminate\\Http\\Request))
#32 F:\\development\\htdocs\\Personal\\mobile-pos-updated\\app\\Http\\Middleware\\IsInstalled.php(51): Illuminate\\Routing\\Pipeline->Illuminate\\Routing\\{closure}(Object(Illuminate\\Http\\Request))
#33 F:\\development\\htdocs\\Personal\\mobile-pos-updated\\vendor\\laravel\\framework\\src\\Illuminate\\Pipeline\\Pipeline.php(163): App\\Http\\Middleware\\IsInstalled->handle(Object(Illuminate\\Http\\Request), Object(Closure))
#34 F:\\development\\htdocs\\Personal\\mobile-pos-updated\\vendor\\laravel\\framework\\src\\Illuminate\\Routing\\Pipeline.php(53): Illuminate\\Pipeline\\Pipeline->Illuminate\\Pipeline\\{closure}(Object(Illuminate\\Http\\Request))
#35 F:\\development\\htdocs\\Personal\\mobile-pos-updated\\vendor\\laravel\\framework\\src\\Illuminate\\Routing\\Middleware\\SubstituteBindings.php(41): Illuminate\\Routing\\Pipeline->Illuminate\\Routing\\{closure}(Object(Illuminate\\Http\\Request))
#36 F:\\development\\htdocs\\Personal\\mobile-pos-updated\\vendor\\laravel\\framework\\src\\Illuminate\\Pipeline\\Pipeline.php(163): Illuminate\\Routing\\Middleware\\SubstituteBindings->handle(Object(Illuminate\\Http\\Request), Object(Closure))
#37 F:\\development\\htdocs\\Personal\\mobile-pos-updated\\vendor\\laravel\\framework\\src\\Illuminate\\Routing\\Pipeline.php(53): Illuminate\\Pipeline\\Pipeline->Illuminate\\Pipeline\\{closure}(Object(Illuminate\\Http\\Request))
#38 F:\\development\\htdocs\\Personal\\mobile-pos-updated\\vendor\\laravel\\framework\\src\\Illuminate\\Auth\\Middleware\\Authenticate.php(43): Illuminate\\Routing\\Pipeline->Illuminate\\Routing\\{closure}(Object(Illuminate\\Http\\Request))
#39 F:\\development\\htdocs\\Personal\\mobile-pos-updated\\vendor\\laravel\\framework\\src\\Illuminate\\Pipeline\\Pipeline.php(163): Illuminate\\Auth\\Middleware\\Authenticate->handle(Object(Illuminate\\Http\\Request), Object(Closure))
#40 F:\\development\\htdocs\\Personal\\mobile-pos-updated\\vendor\\laravel\\framework\\src\\Illuminate\\Routing\\Pipeline.php(53): Illuminate\\Pipeline\\Pipeline->Illuminate\\Pipeline\\{closure}(Object(Illuminate\\Http\\Request))
#41 F:\\development\\htdocs\\Personal\\mobile-pos-updated\\vendor\\laravel\\framework\\src\\Illuminate\\Foundation\\Http\\Middleware\\VerifyCsrfToken.php(75): Illuminate\\Routing\\Pipeline->Illuminate\\Routing\\{closure}(Object(Illuminate\\Http\\Request))
#42 F:\\development\\htdocs\\Personal\\mobile-pos-updated\\vendor\\laravel\\framework\\src\\Illuminate\\Pipeline\\Pipeline.php(163): Illuminate\\Foundation\\Http\\Middleware\\VerifyCsrfToken->handle(Object(Illuminate\\Http\\Request), Object(Closure))
#43 F:\\development\\htdocs\\Personal\\mobile-pos-updated\\vendor\\laravel\\framework\\src\\Illuminate\\Routing\\Pipeline.php(53): Illuminate\\Pipeline\\Pipeline->Illuminate\\Pipeline\\{closure}(Object(Illuminate\\Http\\Request))
#44 F:\\development\\htdocs\\Personal\\mobile-pos-updated\\vendor\\laravel\\framework\\src\\Illuminate\\View\\Middleware\\ShareErrorsFromSession.php(49): Illuminate\\Routing\\Pipeline->Illuminate\\Routing\\{closure}(Object(Illuminate\\Http\\Request))
#45 F:\\development\\htdocs\\Personal\\mobile-pos-updated\\vendor\\laravel\\framework\\src\\Illuminate\\Pipeline\\Pipeline.php(163): Illuminate\\View\\Middleware\\ShareErrorsFromSession->handle(Object(Illuminate\\Http\\Request), Object(Closure))
#46 F:\\development\\htdocs\\Personal\\mobile-pos-updated\\vendor\\laravel\\framework\\src\\Illuminate\\Routing\\Pipeline.php(53): Illuminate\\Pipeline\\Pipeline->Illuminate\\Pipeline\\{closure}(Object(Illuminate\\Http\\Request))
#47 F:\\development\\htdocs\\Personal\\mobile-pos-updated\\vendor\\laravel\\framework\\src\\Illuminate\\Session\\Middleware\\StartSession.php(56): Illuminate\\Routing\\Pipeline->Illuminate\\Routing\\{closure}(Object(Illuminate\\Http\\Request))
#48 F:\\development\\htdocs\\Personal\\mobile-pos-updated\\vendor\\laravel\\framework\\src\\Illuminate\\Pipeline\\Pipeline.php(163): Illuminate\\Session\\Middleware\\StartSession->handle(Object(Illuminate\\Http\\Request), Object(Closure))
#49 F:\\development\\htdocs\\Personal\\mobile-pos-updated\\vendor\\laravel\\framework\\src\\Illuminate\\Routing\\Pipeline.php(53): Illuminate\\Pipeline\\Pipeline->Illuminate\\Pipeline\\{closure}(Object(Illuminate\\Http\\Request))
#50 F:\\development\\htdocs\\Personal\\mobile-pos-updated\\vendor\\laravel\\framework\\src\\Illuminate\\Cookie\\Middleware\\AddQueuedCookiesToResponse.php(37): Illuminate\\Routing\\Pipeline->Illuminate\\Routing\\{closure}(Object(Illuminate\\Http\\Request))
#51 F:\\development\\htdocs\\Personal\\mobile-pos-updated\\vendor\\laravel\\framework\\src\\Illuminate\\Pipeline\\Pipeline.php(163): Illuminate\\Cookie\\Middleware\\AddQueuedCookiesToResponse->handle(Object(Illuminate\\Http\\Request), Object(Closure))
#52 F:\\development\\htdocs\\Personal\\mobile-pos-updated\\vendor\\laravel\\framework\\src\\Illuminate\\Routing\\Pipeline.php(53): Illuminate\\Pipeline\\Pipeline->Illuminate\\Pipeline\\{closure}(Object(Illuminate\\Http\\Request))
#53 F:\\development\\htdocs\\Personal\\mobile-pos-updated\\vendor\\laravel\\framework\\src\\Illuminate\\Cookie\\Middleware\\EncryptCookies.php(66): Illuminate\\Routing\\Pipeline->Illuminate\\Routing\\{closure}(Object(Illuminate\\Http\\Request))
#54 F:\\development\\htdocs\\Personal\\mobile-pos-updated\\vendor\\laravel\\framework\\src\\Illuminate\\Pipeline\\Pipeline.php(163): Illuminate\\Cookie\\Middleware\\EncryptCookies->handle(Object(Illuminate\\Http\\Request), Object(Closure))
#55 F:\\development\\htdocs\\Personal\\mobile-pos-updated\\vendor\\laravel\\framework\\src\\Illuminate\\Routing\\Pipeline.php(53): Illuminate\\Pipeline\\Pipeline->Illuminate\\Pipeline\\{closure}(Object(Illuminate\\Http\\Request))
#56 F:\\development\\htdocs\\Personal\\mobile-pos-updated\\vendor\\laravel\\framework\\src\\Illuminate\\Pipeline\\Pipeline.php(104): Illuminate\\Routing\\Pipeline->Illuminate\\Routing\\{closure}(Object(Illuminate\\Http\\Request))
#57 F:\\development\\htdocs\\Personal\\mobile-pos-updated\\vendor\\laravel\\framework\\src\\Illuminate\\Routing\\Router.php(682): Illuminate\\Pipeline\\Pipeline->then(Object(Closure))
#58 F:\\development\\htdocs\\Personal\\mobile-pos-updated\\vendor\\laravel\\framework\\src\\Illuminate\\Routing\\Router.php(657): Illuminate\\Routing\\Router->runRouteWithinStack(Object(Illuminate\\Routing\\Route), Object(Illuminate\\Http\\Request))
#59 F:\\development\\htdocs\\Personal\\mobile-pos-updated\\vendor\\laravel\\framework\\src\\Illuminate\\Routing\\Router.php(623): Illuminate\\Routing\\Router->runRoute(Object(Illuminate\\Http\\Request), Object(Illuminate\\Routing\\Route))
#60 F:\\development\\htdocs\\Personal\\mobile-pos-updated\\vendor\\laravel\\framework\\src\\Illuminate\\Routing\\Router.php(612): Illuminate\\Routing\\Router->dispatchToRoute(Object(Illuminate\\Http\\Request))
#61 F:\\development\\htdocs\\Personal\\mobile-pos-updated\\vendor\\laravel\\framework\\src\\Illuminate\\Foundation\\Http\\Kernel.php(176): Illuminate\\Routing\\Router->dispatch(Object(Illuminate\\Http\\Request))
#62 F:\\development\\htdocs\\Personal\\mobile-pos-updated\\vendor\\laravel\\framework\\src\\Illuminate\\Routing\\Pipeline.php(30): Illuminate\\Foundation\\Http\\Kernel->Illuminate\\Foundation\\Http\\{closure}(Object(Illuminate\\Http\\Request))
#63 F:\\development\\htdocs\\Personal\\mobile-pos-updated\\vendor\\barryvdh\\laravel-debugbar\\src\\Middleware\\InjectDebugbar.php(58): Illuminate\\Routing\\Pipeline->Illuminate\\Routing\\{closure}(Object(Illuminate\\Http\\Request))
#64 F:\\development\\htdocs\\Personal\\mobile-pos-updated\\vendor\\laravel\\framework\\src\\Illuminate\\Pipeline\\Pipeline.php(163): Barryvdh\\Debugbar\\Middleware\\InjectDebugbar->handle(Object(Illuminate\\Http\\Request), Object(Closure))
#65 F:\\development\\htdocs\\Personal\\mobile-pos-updated\\vendor\\laravel\\framework\\src\\Illuminate\\Routing\\Pipeline.php(53): Illuminate\\Pipeline\\Pipeline->Illuminate\\Pipeline\\{closure}(Object(Illuminate\\Http\\Request))
#66 F:\\development\\htdocs\\Personal\\mobile-pos-updated\\vendor\\fideloper\\proxy\\src\\TrustProxies.php(57): Illuminate\\Routing\\Pipeline->Illuminate\\Routing\\{closure}(Object(Illuminate\\Http\\Request))
#67 F:\\development\\htdocs\\Personal\\mobile-pos-updated\\vendor\\laravel\\framework\\src\\Illuminate\\Pipeline\\Pipeline.php(163): Fideloper\\Proxy\\TrustProxies->handle(Object(Illuminate\\Http\\Request), Object(Closure))
#68 F:\\development\\htdocs\\Personal\\mobile-pos-updated\\vendor\\laravel\\framework\\src\\Illuminate\\Routing\\Pipeline.php(53): Illuminate\\Pipeline\\Pipeline->Illuminate\\Pipeline\\{closure}(Object(Illuminate\\Http\\Request))
#69 F:\\development\\htdocs\\Personal\\mobile-pos-updated\\vendor\\laravel\\framework\\src\\Illuminate\\Foundation\\Http\\Middleware\\TransformsRequest.php(21): Illuminate\\Routing\\Pipeline->Illuminate\\Routing\\{closure}(Object(Illuminate\\Http\\Request))
#70 F:\\development\\htdocs\\Personal\\mobile-pos-updated\\vendor\\laravel\\framework\\src\\Illuminate\\Pipeline\\Pipeline.php(163): Illuminate\\Foundation\\Http\\Middleware\\TransformsRequest->handle(Object(Illuminate\\Http\\Request), Object(Closure))
#71 F:\\development\\htdocs\\Personal\\mobile-pos-updated\\vendor\\laravel\\framework\\src\\Illuminate\\Routing\\Pipeline.php(53): Illuminate\\Pipeline\\Pipeline->Illuminate\\Pipeline\\{closure}(Object(Illuminate\\Http\\Request))
#72 F:\\development\\htdocs\\Personal\\mobile-pos-updated\\vendor\\laravel\\framework\\src\\Illuminate\\Foundation\\Http\\Middleware\\TransformsRequest.php(21): Illuminate\\Routing\\Pipeline->Illuminate\\Routing\\{closure}(Object(Illuminate\\Http\\Request))
#73 F:\\development\\htdocs\\Personal\\mobile-pos-updated\\vendor\\laravel\\framework\\src\\Illuminate\\Pipeline\\Pipeline.php(163): Illuminate\\Foundation\\Http\\Middleware\\TransformsRequest->handle(Object(Illuminate\\Http\\Request), Object(Closure))
#74 F:\\development\\htdocs\\Personal\\mobile-pos-updated\\vendor\\laravel\\framework\\src\\Illuminate\\Routing\\Pipeline.php(53): Illuminate\\Pipeline\\Pipeline->Illuminate\\Pipeline\\{closure}(Object(Illuminate\\Http\\Request))
#75 F:\\development\\htdocs\\Personal\\mobile-pos-updated\\vendor\\laravel\\framework\\src\\Illuminate\\Foundation\\Http\\Middleware\\ValidatePostSize.php(27): Illuminate\\Routing\\Pipeline->Illuminate\\Routing\\{closure}(Object(Illuminate\\Http\\Request))
#76 F:\\development\\htdocs\\Personal\\mobile-pos-updated\\vendor\\laravel\\framework\\src\\Illuminate\\Pipeline\\Pipeline.php(163): Illuminate\\Foundation\\Http\\Middleware\\ValidatePostSize->handle(Object(Illuminate\\Http\\Request), Object(Closure))
#77 F:\\development\\htdocs\\Personal\\mobile-pos-updated\\vendor\\laravel\\framework\\src\\Illuminate\\Routing\\Pipeline.php(53): Illuminate\\Pipeline\\Pipeline->Illuminate\\Pipeline\\{closure}(Object(Illuminate\\Http\\Request))
#78 F:\\development\\htdocs\\Personal\\mobile-pos-updated\\vendor\\laravel\\framework\\src\\Illuminate\\Foundation\\Http\\Middleware\\CheckForMaintenanceMode.php(62): Illuminate\\Routing\\Pipeline->Illuminate\\Routing\\{closure}(Object(Illuminate\\Http\\Request))
#79 F:\\development\\htdocs\\Personal\\mobile-pos-updated\\vendor\\laravel\\framework\\src\\Illuminate\\Pipeline\\Pipeline.php(163): Illuminate\\Foundation\\Http\\Middleware\\CheckForMaintenanceMode->handle(Object(Illuminate\\Http\\Request), Object(Closure))
#80 F:\\development\\htdocs\\Personal\\mobile-pos-updated\\vendor\\laravel\\framework\\src\\Illuminate\\Routing\\Pipeline.php(53): Illuminate\\Pipeline\\Pipeline->Illuminate\\Pipeline\\{closure}(Object(Illuminate\\Http\\Request))
#81 F:\\development\\htdocs\\Personal\\mobile-pos-updated\\vendor\\laravel\\framework\\src\\Illuminate\\Pipeline\\Pipeline.php(104): Illuminate\\Routing\\Pipeline->Illuminate\\Routing\\{closure}(Object(Illuminate\\Http\\Request))
#82 F:\\development\\htdocs\\Personal\\mobile-pos-updated\\vendor\\laravel\\framework\\src\\Illuminate\\Foundation\\Http\\Kernel.php(151): Illuminate\\Pipeline\\Pipeline->then(Object(Closure))
#83 F:\\development\\htdocs\\Personal\\mobile-pos-updated\\vendor\\laravel\\framework\\src\\Illuminate\\Foundation\\Http\\Kernel.php(116): Illuminate\\Foundation\\Http\\Kernel->sendRequestThroughRouter(Object(Illuminate\\Http\\Request))
#84 F:\\development\\htdocs\\Personal\\mobile-pos-updated\\public\\index.php(53): Illuminate\\Foundation\\Http\\Kernel->handle(Object(Illuminate\\Http\\Request))
#85 F:\\development\\htdocs\\Personal\\mobile-pos-updated\\server.php(21): require_once('F:\\\\development\\\\...')
#86 {main}
"} 
[2022-03-04 16:18:03] live.EMERGENCY: File:/home/gbrekdxn/mobile.gbresearchcell.xyz/vendor/laravel/framework/src/Illuminate/Database/Eloquent/Builder.phpLine:454Message:No query results for model [App\Variation].  
[2022-03-04 16:18:10] live.EMERGENCY: File:/home/gbrekdxn/mobile.gbresearchcell.xyz/vendor/laravel/framework/src/Illuminate/Database/Eloquent/Builder.phpLine:454Message:No query results for model [App\Variation].  
[2022-03-04 16:18:44] live.EMERGENCY: File:/home/gbrekdxn/mobile.gbresearchcell.xyz/vendor/laravel/framework/src/Illuminate/Database/Eloquent/Builder.phpLine:454Message:No query results for model [App\Variation].  
